<?xml version="1.0" encoding="UTF-8"?>
<testng-results ignored="0" total="1" passed="1" failed="0" skipped="0">
  <reporter-output>
  </reporter-output>
  <suite started-at="2023-07-10T12:16:37 IST" name="Default suite" finished-at="2023-07-10T12:16:59 IST" duration-ms="21760">
    <groups>
    </groups>
    <test started-at="2023-07-10T12:16:37 IST" name="Default test" finished-at="2023-07-10T12:16:59 IST" duration-ms="21760">
      <class name="Base.BaseClass">
        <test-method is-config="true" signature="Beforeclass()[pri:0, instance:Base.BaseClass@352c1b98]" started-at="2023-07-10T12:16:37 IST" name="Beforeclass" finished-at="2023-07-10T12:16:50 IST" duration-ms="12822" status="PASS">
          <reporter-output>
          </reporter-output>
        </test-method> <!-- Beforeclass -->
        <test-method signature="Test()[pri:0, instance:Base.BaseClass@352c1b98]" started-at="2023-07-10T12:16:50 IST" name="Test" finished-at="2023-07-10T12:16:58 IST" duration-ms="7962" status="PASS">
          <reporter-output>
          </reporter-output>
        </test-method> <!-- Test -->
        <test-method is-config="true" signature="getResult(org.testng.ITestResult)[pri:0, instance:Base.BaseClass@352c1b98]" started-at="2023-07-10T12:16:58 IST" name="getResult" finished-at="2023-07-10T12:16:58 IST" duration-ms="10" status="PASS">
          <params>
            <param index="0">
              <value>
                <![CDATA[[TestResult name=Test status=SUCCESS method=BaseClass.Test()[pri:0, instance:Base.BaseClass@352c1b98] output={null}]]]>
              </value>
            </param>
          </params>
          <reporter-output>
          </reporter-output>
        </test-method> <!-- getResult -->
        <test-method is-config="true" signature="AfterClass()[pri:0, instance:Base.BaseClass@352c1b98]" started-at="2023-07-10T12:16:58 IST" name="AfterClass" finished-at="2023-07-10T12:16:59 IST" duration-ms="670" status="PASS">
          <reporter-output>
          </reporter-output>
        </test-method> <!-- AfterClass -->
      </class> <!-- Base.BaseClass -->
    </test> <!-- Default test -->
  </suite> <!-- Default suite -->
</testng-results>
